<?xml version="1.0" encoding="UTF-8"?>
<testng-results ignored="0" total="1" passed="1" failed="0" skipped="0">
  <reporter-output>
  </reporter-output>
  <suite started-at="2021-11-21T14:18:43 IST" name="Default suite" finished-at="2021-11-21T14:19:09 IST" duration-ms="25780">
    <groups>
    </groups>
    <test started-at="2021-11-21T14:18:43 IST" name="Default test" finished-at="2021-11-21T14:19:09 IST" duration-ms="25780">
      <class name="co.sriram.crossBrowserTesting">
        <test-method is-config="true" signature="setup(java.lang.String)[pri:0, instance:co.sriram.crossBrowserTesting@72a7c7e0]" started-at="2021-11-21T14:18:43 IST" name="setup" finished-at="2021-11-21T14:18:47 IST" duration-ms="3950" status="PASS">
          <params>
            <param index="0">
              <value>
                <![CDATA[firefox]]>
              </value>
            </param>
          </params>
          <reporter-output>
          </reporter-output>
        </test-method> <!-- setup -->
        <test-method signature="testParameterWithXml()[pri:0, instance:co.sriram.crossBrowserTesting@72a7c7e0]" started-at="2021-11-21T14:18:47 IST" name="testParameterWithXml" finished-at="2021-11-21T14:19:09 IST" duration-ms="21801" status="PASS">
          <reporter-output>
          </reporter-output>
        </test-method> <!-- testParameterWithXml -->
      </class> <!-- co.sriram.crossBrowserTesting -->
    </test> <!-- Default test -->
  </suite> <!-- Default suite -->
</testng-results>
